<?xml version="1.0" encoding="UTF-8"?>
<testsuite xmlns:xsi="http://www.w3.org/2001/XMLSchema-instance" xsi:noNamespaceSchemaLocation="https://maven.apache.org/surefire/maven-surefire-plugin/xsd/surefire-test-report-3.0.xsd" version="3.0" name="com.fawry.ecommerce.ProductTest" time="0.017" tests="7" errors="0" skipped="0" failures="0">
  <properties>
[...]
</properties>
  <testcase name="reduceQuantity_shouldThrow_whenAmountInvalid" classname="com.fawry.ecommerce.ProductTest" time="0.002"/>
  <testcase name="constructor_shouldThrow_whenNameIsNull" classname="com.fawry.ecommerce.ProductTest" time="0.001"/>
  <testcase name="reduceQuantity_shouldThrow_whenInsufficientStock" classname="com.fawry.ecommerce.ProductTest" time="0.003"/>
  <testcase name="reduceQuantity_shouldUpdateQuantity" classname="com.fawry.ecommerce.ProductTest" time="0.001"/>
  <testcase name="isExpired_shouldReturnTrue_whenExpired" classname="com.fawry.ecommerce.ProductTest" time="0.001"/>
  <testcase name="constructor_shouldThrow_whenQuantityIsNegative" classname="com.fawry.ecommerce.ProductTest" time="0.002"/>
  <testcase name="isExpired_shouldReturnFalse_forNonExpirableProduct" classname="com.fawry.ecommerce.ProductTest" time="0.002"/>
</testsuite>